{"timestamp": "2026-04-02T05:15:36.072355+00:00", "level": "INFO", "logger": "api", "message": "api_starting", "context": {"host": "0.0.0.0", "port": 5000, "debug": false}, "extra": {"taskName": null}}
{"timestamp": "2026-04-02T05:23:05.389951+00:00", "level": "ERROR", "logger": "api", "message": "unhandled_exception", "context": {"request_id": "1913425b-7a98-4216-b597-b3050abe5acc", "path": "/health", "error": "No module named 'sklearn'"}, "extra": {"taskName": null}}
{"timestamp": "2026-04-02T05:23:05.389951+00:00", "level": "INFO", "logger": "api", "message": "request_completed", "context": {"request_id": "1913425b-7a98-4216-b597-b3050abe5acc", "method": "GET", "path": "/health", "status_code": 500, "latency_ms": 12.937}, "extra": {"taskName": null}}
{"timestamp": "2026-04-02T05:28:38.744544+00:00", "level": "ERROR", "logger": "api", "message": "unhandled_exception", "context": {"request_id": "db1d5091-3771-46e3-8e38-99f7871e5e24", "path": "/predict", "error": "No module named 'sklearn'"}, "extra": {"taskName": null}}
{"timestamp": "2026-04-02T05:28:38.745597+00:00", "level": "INFO", "logger": "api", "message": "request_completed", "context": {"request_id": "db1d5091-3771-46e3-8e38-99f7871e5e24", "method": "POST", "path": "/predict", "status_code": 500, "latency_ms": 14.978}, "extra": {"taskName": null}}
{"timestamp": "2026-04-02T05:28:38.772487+00:00", "level": "ERROR", "logger": "api", "message": "unhandled_exception", "context": {"request_id": "937f5a6b-4ba4-45a3-97cb-5f5686856999", "path": "/monitor", "error": "No module named 'sklearn'"}, "extra": {"taskName": null}}
{"timestamp": "2026-04-02T05:28:38.773405+00:00", "level": "INFO", "logger": "api", "message": "request_completed", "context": {"request_id": "937f5a6b-4ba4-45a3-97cb-5f5686856999", "method": "GET", "path": "/monitor", "status_code": 500, "latency_ms": 12.91}, "extra": {"taskName": null}}
{"timestamp": "2026-04-02T05:30:25.486756+00:00", "level": "INFO", "logger": "api", "message": "api_starting", "context": {"host": "0.0.0.0", "port": 5000, "debug": false}, "extra": {"taskName": null}}
{"timestamp": "2026-04-02T05:36:44.276953+00:00", "level": "INFO", "logger": "api", "message": "api_starting", "context": {"host": "0.0.0.0", "port": 5000, "debug": false}, "extra": {"taskName": null}}
{"timestamp": "2026-04-02T05:36:56.131836+00:00", "level": "INFO", "logger": "api", "message": "health_checked", "context": {"health_status": "healthy", "model_loaded": true}, "extra": {"taskName": null}}
{"timestamp": "2026-04-02T05:36:56.132792+00:00", "level": "INFO", "logger": "api", "message": "request_completed", "context": {"request_id": "a22690c4-ec61-4638-b042-8a78db1245c9", "method": "GET", "path": "/health", "status_code": 200, "latency_ms": 5357.097}, "extra": {"taskName": null}}
{"timestamp": "2026-04-02T05:36:56.618598+00:00", "level": "ERROR", "logger": "api", "message": "unhandled_exception", "context": {"request_id": "b9ff0ec4-599b-427c-af96-63f24641b9ff", "path": "/favicon.ico", "error": "404 Not Found: The requested URL was not found on the server. If you entered the URL manually please check your spelling and try again."}, "extra": {"taskName": null}}
{"timestamp": "2026-04-02T05:36:56.618598+00:00", "level": "INFO", "logger": "api", "message": "request_completed", "context": {"request_id": "b9ff0ec4-599b-427c-af96-63f24641b9ff", "method": "GET", "path": "/favicon.ico", "status_code": 500, "latency_ms": 0.669}, "extra": {"taskName": null}}
{"timestamp": "2026-04-02T05:40:02.897574+00:00", "level": "INFO", "logger": "api", "message": "health_checked", "context": {"health_status": "healthy", "model_loaded": true}, "extra": {"taskName": null}}
{"timestamp": "2026-04-02T05:40:02.898667+00:00", "level": "INFO", "logger": "api", "message": "request_completed", "context": {"request_id": "9f15ddb2-eb62-43d0-a3d9-2fe75c6448b5", "method": "GET", "path": "/health", "status_code": 200, "latency_ms": 21.386}, "extra": {"taskName": null}}
{"timestamp": "2026-04-02T05:40:28.589726+00:00", "level": "INFO", "logger": "api", "message": "request_completed", "context": {"request_id": "6d84132b-66bb-4748-b590-ec31eaf3f041", "method": "POST", "path": "/predict", "status_code": 200, "latency_ms": 21.432}, "extra": {"taskName": null}}
{"timestamp": "2026-04-02T05:40:28.610639+00:00", "level": "INFO", "logger": "api", "message": "request_completed", "context": {"request_id": "46d92c48-0020-4206-a36b-e77649cdd082", "method": "GET", "path": "/monitor", "status_code": 200, "latency_ms": 0.869}, "extra": {"taskName": null}}
{"timestamp": "2026-04-02T05:53:38.700270+00:00", "level": "INFO", "logger": "api", "message": "api_starting", "context": {"host": "0.0.0.0", "port": 5000, "debug": false}, "extra": {"taskName": null}}
{"timestamp": "2026-04-02T05:54:26.471369+00:00", "level": "INFO", "logger": "api", "message": "request_completed", "context": {"request_id": "d11e559a-6e52-4510-bfb7-b220bded0e57", "method": "POST", "path": "/predict", "status_code": 200, "latency_ms": 4027.822}, "extra": {"taskName": null}}
{"timestamp": "2026-04-02T05:54:26.511407+00:00", "level": "WARNING", "logger": "api", "message": "alerts_triggered", "context": {"alert_count": 2, "alert_path": "mlops\\monitoring\\alerts\\alerts.jsonl"}, "extra": {"taskName": null}}
{"timestamp": "2026-04-02T05:54:26.563101+00:00", "level": "INFO", "logger": "api", "message": "request_completed", "context": {"request_id": "96befd92-984e-477b-8714-acf58b7af529", "method": "POST", "path": "/monitor/persist", "status_code": 200, "latency_ms": 37.519}, "extra": {"taskName": null}}
{"timestamp": "2026-04-02T05:54:26.618051+00:00", "level": "WARNING", "logger": "api", "message": "alerts_triggered", "context": {"alert_count": 2, "alert_path": "mlops\\monitoring\\alerts\\alerts.jsonl"}, "extra": {"taskName": null}}
{"timestamp": "2026-04-08T06:45:33.743561+00:00", "level": "INFO", "logger": "api", "message": "request_completed", "context": {"request_id": "0eec0978-5c80-4eb9-bd8e-974fcd569225", "method": "POST", "path": "/predict", "status_code": 200, "latency_ms": 9936.186}, "extra": {"taskName": null}}
{"timestamp": "2026-04-08T06:45:33.783298+00:00", "level": "WARNING", "logger": "api", "message": "alerts_triggered", "context": {"alert_count": 2, "alert_path": "mlops\\monitoring\\alerts\\alerts.jsonl"}, "extra": {"taskName": null}}
{"timestamp": "2026-04-08T06:45:34.031983+00:00", "level": "INFO", "logger": "api", "message": "request_completed", "context": {"request_id": "59992ac2-1557-4ee0-8aab-65906fb81ac9", "method": "POST", "path": "/predict", "status_code": 200, "latency_ms": 0.17}, "extra": {"taskName": null}}
{"timestamp": "2026-04-08T06:45:34.112854+00:00", "level": "WARNING", "logger": "api", "message": "alerts_triggered", "context": {"alert_count": 2, "alert_path": "mlops\\monitoring\\alerts\\alerts.jsonl"}, "extra": {"taskName": null}}
{"timestamp": "2026-04-08T06:46:00.967385+00:00", "level": "INFO", "logger": "api", "message": "request_completed", "context": {"request_id": "0e44ba9e-31fc-4a48-88a5-3915775d5e3f", "method": "POST", "path": "/predict", "status_code": 400, "latency_ms": 1566.776}, "extra": {"taskName": null}}
{"timestamp": "2026-04-08T06:46:00.998631+00:00", "level": "WARNING", "logger": "api", "message": "alerts_triggered", "context": {"alert_count": 1, "alert_path": "mlops\\monitoring\\alerts\\alerts.jsonl"}, "extra": {"taskName": null}}
{"timestamp": "2026-04-08T06:46:01.007463+00:00", "level": "INFO", "logger": "api", "message": "request_completed", "context": {"request_id": "5be20a78-8f96-4f29-9d2a-2412d62c5f85", "method": "POST", "path": "/predict", "status_code": 200, "latency_ms": 0.176}, "extra": {"taskName": null}}
{"timestamp": "2026-04-08T06:46:01.040440+00:00", "level": "WARNING", "logger": "api", "message": "alerts_triggered", "context": {"alert_count": 1, "alert_path": "mlops\\monitoring\\alerts\\alerts.jsonl"}, "extra": {"taskName": null}}
{"timestamp": "2026-04-08T06:46:12.900887+00:00", "level": "INFO", "logger": "api", "message": "api_starting", "context": {"host": "0.0.0.0", "port": 5000, "debug": false}, "extra": {"taskName": null}}
{"timestamp": "2026-04-08T06:46:54.697052+00:00", "level": "INFO", "logger": "api", "message": "request_completed", "context": {"request_id": "1ffc6268-5103-4fce-a091-ad88740f92b6", "method": "POST", "path": "/predict", "status_code": 200, "latency_ms": 1247.157}, "extra": {"taskName": null}}
{"timestamp": "2026-04-08T06:46:54.724308+00:00", "level": "WARNING", "logger": "api", "message": "alerts_triggered", "context": {"alert_count": 2, "alert_path": "mlops\\monitoring\\alerts\\alerts.jsonl"}, "extra": {"taskName": null}}
{"timestamp": "2026-04-08T06:47:14.258146+00:00", "level": "INFO", "logger": "api", "message": "request_completed", "context": {"request_id": "4b3fd9d2-9005-4826-bf1c-48e2981e0cf8", "method": "POST", "path": "/predict", "status_code": 400, "latency_ms": 1364.463}, "extra": {"taskName": null}}
{"timestamp": "2026-04-08T06:47:14.282145+00:00", "level": "WARNING", "logger": "api", "message": "alerts_triggered", "context": {"alert_count": 1, "alert_path": "mlops\\monitoring\\alerts\\alerts.jsonl"}, "extra": {"taskName": null}}
{"timestamp": "2026-04-08T06:47:14.290465+00:00", "level": "INFO", "logger": "api", "message": "request_completed", "context": {"request_id": "487d3292-70cf-4db4-bfdc-f99e897a82c2", "method": "POST", "path": "/predict", "status_code": 200, "latency_ms": 0.245}, "extra": {"taskName": null}}
{"timestamp": "2026-04-08T06:47:14.328035+00:00", "level": "WARNING", "logger": "api", "message": "alerts_triggered", "context": {"alert_count": 1, "alert_path": "mlops\\monitoring\\alerts\\alerts.jsonl"}, "extra": {"taskName": null}}
{"timestamp": "2026-04-08T06:49:04.557480+00:00", "level": "INFO", "logger": "api", "message": "request_completed", "context": {"request_id": "cdf26147-315b-4d39-8b4d-6426e82d8d5e", "method": "POST", "path": "/predict", "status_code": 400, "latency_ms": 1944.598}, "extra": {"taskName": null}}
{"timestamp": "2026-04-08T06:49:04.597677+00:00", "level": "WARNING", "logger": "api", "message": "alerts_triggered", "context": {"alert_count": 1, "alert_path": "mlops\\monitoring\\alerts\\alerts.jsonl"}, "extra": {"taskName": null}}
{"timestamp": "2026-04-08T06:49:04.604302+00:00", "level": "INFO", "logger": "api", "message": "request_completed", "context": {"request_id": "766642a6-a7d4-4869-8c18-dc135461abb4", "method": "POST", "path": "/predict", "status_code": 200, "latency_ms": 0.181}, "extra": {"taskName": null}}
{"timestamp": "2026-04-08T06:49:04.634702+00:00", "level": "WARNING", "logger": "api", "message": "alerts_triggered", "context": {"alert_count": 1, "alert_path": "mlops\\monitoring\\alerts\\alerts.jsonl"}, "extra": {"taskName": null}}
{"timestamp": "2026-04-08T06:51:43.839355+00:00", "level": "INFO", "logger": "api", "message": "api_starting", "context": {"host": "0.0.0.0", "port": 5000, "debug": false}, "extra": {"taskName": null}}
{"timestamp": "2026-04-08T06:54:22.225175+00:00", "level": "INFO", "logger": "api", "message": "request_completed", "context": {"request_id": "d20bbd90-45cb-43ad-856a-3e196294eb13", "method": "POST", "path": "/predict", "status_code": 200, "latency_ms": 1655.29}, "extra": {"taskName": null}}
{"timestamp": "2026-04-08T06:54:22.251058+00:00", "level": "WARNING", "logger": "api", "message": "alerts_triggered", "context": {"alert_count": 2, "alert_path": "mlops\\monitoring\\alerts\\alerts.jsonl"}, "extra": {"taskName": null}}
{"timestamp": "2026-04-08T06:54:30.239650+00:00", "level": "INFO", "logger": "api", "message": "request_completed", "context": {"request_id": "d5541e1e-0618-47a5-8aa5-352ce7226763", "method": "POST", "path": "/predict", "status_code": 200, "latency_ms": 17.627}, "extra": {"taskName": null}}
{"timestamp": "2026-04-08T06:54:30.265493+00:00", "level": "WARNING", "logger": "api", "message": "alerts_triggered", "context": {"alert_count": 2, "alert_path": "mlops\\monitoring\\alerts\\alerts.jsonl"}, "extra": {"taskName": null}}
{"timestamp": "2026-04-08T14:52:49.956219+00:00", "level": "INFO", "logger": "api", "message": "api_starting", "context": {"host": "0.0.0.0", "port": 5000, "debug": false}, "extra": {"taskName": null}}
{"timestamp": "2026-04-08T14:53:24.074784+00:00", "level": "INFO", "logger": "api", "message": "request_completed", "context": {"request_id": "f221d01e-24c2-4461-a4da-779b2fa7d9a7", "method": "POST", "path": "/predict", "status_code": 200, "latency_ms": 9777.996}, "extra": {"taskName": null}}
{"timestamp": "2026-04-08T14:53:24.098257+00:00", "level": "WARNING", "logger": "api", "message": "alerts_triggered", "context": {"alert_count": 2, "alert_path": "mlops\\monitoring\\alerts\\alerts.jsonl"}, "extra": {"taskName": null}}
{"timestamp": "2026-04-11T13:00:23.743672+00:00", "level": "INFO", "logger": "api", "message": "request_completed", "context": {"request_id": "5b084659-c709-4ec1-b7b9-0cf1b884e6d5", "method": "POST", "path": "/predict", "status_code": 400, "latency_ms": 22361.669}, "extra": {"taskName": null}}
{"timestamp": "2026-04-11T13:00:23.894212+00:00", "level": "WARNING", "logger": "api", "message": "alerts_triggered", "context": {"alert_count": 1, "alert_path": "mlops\\monitoring\\alerts\\alerts.jsonl"}, "extra": {"taskName": null}}
{"timestamp": "2026-04-11T13:00:23.910247+00:00", "level": "INFO", "logger": "api", "message": "request_completed", "context": {"request_id": "db493044-ef1c-46a7-b15b-1f74c34a530b", "method": "POST", "path": "/predict", "status_code": 200, "latency_ms": 0.434}, "extra": {"taskName": null}}
{"timestamp": "2026-04-11T13:00:23.990894+00:00", "level": "WARNING", "logger": "api", "message": "alerts_triggered", "context": {"alert_count": 1, "alert_path": "mlops\\monitoring\\alerts\\alerts.jsonl"}, "extra": {"taskName": null}}
