{"timestamp": "2026-04-02T08:15:24.346418+00:00", "level": "INFO", "logger": "monitoring_worker", "message": "worker_started", "context": {"worker_name": "test-worker", "interval_seconds": 0.1}, "extra": {"taskName": null}}
{"timestamp": "2026-04-02T08:15:24.698531+00:00", "level": "INFO", "logger": "monitoring_worker", "message": "worker_stopped", "context": {"worker_name": "test-worker"}, "extra": {"taskName": null}}
{"timestamp": "2026-04-02T08:15:24.698531+00:00", "level": "ERROR", "logger": "monitoring_worker", "message": "worker_cycle_failed", "context": {"worker_name": "test-worker-fail", "error": "first cycle fails"}, "extra": {"taskName": null}}
{"timestamp": "2026-04-02T08:15:24.698531+00:00", "level": "INFO", "logger": "monitoring_worker", "message": "worker_started", "context": {"worker_name": "test-worker-fail", "interval_seconds": 0.1}, "extra": {"taskName": null}}
{"timestamp": "2026-04-02T08:15:25.050960+00:00", "level": "INFO", "logger": "monitoring_worker", "message": "worker_stopped", "context": {"worker_name": "test-worker-fail"}, "extra": {"taskName": null}}
{"timestamp": "2026-04-08T06:46:12.893051+00:00", "level": "INFO", "logger": "monitoring_worker", "message": "worker_started", "context": {"worker_name": "monitoring-worker", "interval_seconds": 30.0}, "extra": {"taskName": null}}
{"timestamp": "2026-04-08T06:51:43.838348+00:00", "level": "INFO", "logger": "monitoring_worker", "message": "worker_started", "context": {"worker_name": "monitoring-worker", "interval_seconds": 30.0}, "extra": {"taskName": null}}
{"timestamp": "2026-04-08T14:52:49.954122+00:00", "level": "INFO", "logger": "monitoring_worker", "message": "worker_started", "context": {"worker_name": "monitoring-worker", "interval_seconds": 30.0}, "extra": {"taskName": null}}
{"timestamp": "2026-04-11T14:06:38.812783+00:00", "level": "INFO", "logger": "monitoring_worker", "message": "worker_started", "context": {"worker_name": "test-worker", "interval_seconds": 0.1}, "extra": {"taskName": null}}
{"timestamp": "2026-04-11T14:06:39.164340+00:00", "level": "INFO", "logger": "monitoring_worker", "message": "worker_stopped", "context": {"worker_name": "test-worker"}, "extra": {"taskName": null}}
{"timestamp": "2026-04-11T14:06:39.167392+00:00", "level": "ERROR", "logger": "monitoring_worker", "message": "worker_cycle_failed", "context": {"worker_name": "test-worker-fail", "error": "first cycle fails"}, "extra": {"taskName": null}}
{"timestamp": "2026-04-11T14:06:39.167392+00:00", "level": "INFO", "logger": "monitoring_worker", "message": "worker_started", "context": {"worker_name": "test-worker-fail", "interval_seconds": 0.1}, "extra": {"taskName": null}}
{"timestamp": "2026-04-11T14:06:39.518170+00:00", "level": "INFO", "logger": "monitoring_worker", "message": "worker_stopped", "context": {"worker_name": "test-worker-fail"}, "extra": {"taskName": null}}
{"timestamp": "2026-04-12T03:22:17.254228+00:00", "level": "INFO", "logger": "monitoring_worker", "message": "worker_started", "context": {"worker_name": "test-worker", "interval_seconds": 0.1}, "extra": {"taskName": null}}
{"timestamp": "2026-04-12T03:22:17.606143+00:00", "level": "INFO", "logger": "monitoring_worker", "message": "worker_stopped", "context": {"worker_name": "test-worker"}, "extra": {"taskName": null}}
{"timestamp": "2026-04-12T03:22:17.607670+00:00", "level": "ERROR", "logger": "monitoring_worker", "message": "worker_cycle_failed", "context": {"worker_name": "test-worker-fail", "error": "first cycle fails"}, "extra": {"taskName": null}}
{"timestamp": "2026-04-12T03:22:17.607670+00:00", "level": "INFO", "logger": "monitoring_worker", "message": "worker_started", "context": {"worker_name": "test-worker-fail", "interval_seconds": 0.1}, "extra": {"taskName": null}}
{"timestamp": "2026-04-12T03:22:17.958452+00:00", "level": "INFO", "logger": "monitoring_worker", "message": "worker_stopped", "context": {"worker_name": "test-worker-fail"}, "extra": {"taskName": null}}
{"timestamp": "2026-04-12T03:22:40.064725+00:00", "level": "INFO", "logger": "monitoring_worker", "message": "worker_started", "context": {"worker_name": "test-worker", "interval_seconds": 0.1}, "extra": {"taskName": null}}
{"timestamp": "2026-04-12T03:22:40.416163+00:00", "level": "INFO", "logger": "monitoring_worker", "message": "worker_stopped", "context": {"worker_name": "test-worker"}, "extra": {"taskName": null}}
{"timestamp": "2026-04-12T03:22:40.420177+00:00", "level": "ERROR", "logger": "monitoring_worker", "message": "worker_cycle_failed", "context": {"worker_name": "test-worker-fail", "error": "first cycle fails"}, "extra": {"taskName": null}}
{"timestamp": "2026-04-12T03:22:40.420177+00:00", "level": "INFO", "logger": "monitoring_worker", "message": "worker_started", "context": {"worker_name": "test-worker-fail", "interval_seconds": 0.1}, "extra": {"taskName": null}}
{"timestamp": "2026-04-12T03:22:40.771204+00:00", "level": "INFO", "logger": "monitoring_worker", "message": "worker_stopped", "context": {"worker_name": "test-worker-fail"}, "extra": {"taskName": null}}
{"timestamp": "2026-04-12T03:54:43.649624+00:00", "level": "INFO", "logger": "monitoring_worker", "message": "worker_started", "context": {"worker_name": "test-worker", "interval_seconds": 0.1}, "extra": {"taskName": null}}
{"timestamp": "2026-04-12T03:54:44.000406+00:00", "level": "INFO", "logger": "monitoring_worker", "message": "worker_stopped", "context": {"worker_name": "test-worker"}, "extra": {"taskName": null}}
{"timestamp": "2026-04-12T03:54:44.003994+00:00", "level": "ERROR", "logger": "monitoring_worker", "message": "worker_cycle_failed", "context": {"worker_name": "test-worker-fail", "error": "first cycle fails"}, "extra": {"taskName": null}}
{"timestamp": "2026-04-12T03:54:44.003994+00:00", "level": "INFO", "logger": "monitoring_worker", "message": "worker_started", "context": {"worker_name": "test-worker-fail", "interval_seconds": 0.1}, "extra": {"taskName": null}}
{"timestamp": "2026-04-12T03:54:44.355347+00:00", "level": "INFO", "logger": "monitoring_worker", "message": "worker_stopped", "context": {"worker_name": "test-worker-fail"}, "extra": {"taskName": null}}
{"timestamp": "2026-04-12T04:01:48.616115+00:00", "level": "INFO", "logger": "monitoring_worker", "message": "worker_started", "context": {"worker_name": "test-worker", "interval_seconds": 0.1}, "extra": {"taskName": null}}
{"timestamp": "2026-04-12T04:01:48.967176+00:00", "level": "INFO", "logger": "monitoring_worker", "message": "worker_stopped", "context": {"worker_name": "test-worker"}, "extra": {"taskName": null}}
{"timestamp": "2026-04-12T04:01:48.968731+00:00", "level": "ERROR", "logger": "monitoring_worker", "message": "worker_cycle_failed", "context": {"worker_name": "test-worker-fail", "error": "first cycle fails"}, "extra": {"taskName": null}}
{"timestamp": "2026-04-12T04:01:48.969731+00:00", "level": "INFO", "logger": "monitoring_worker", "message": "worker_started", "context": {"worker_name": "test-worker-fail", "interval_seconds": 0.1}, "extra": {"taskName": null}}
{"timestamp": "2026-04-12T04:01:49.320891+00:00", "level": "INFO", "logger": "monitoring_worker", "message": "worker_stopped", "context": {"worker_name": "test-worker-fail"}, "extra": {"taskName": null}}
{"timestamp": "2026-04-13T09:24:27.469360+00:00", "level": "INFO", "logger": "monitoring_worker", "message": "worker_started", "context": {"worker_name": "monitoring-worker", "interval_seconds": 30.0}, "extra": {"taskName": null}}
{"timestamp": "2026-04-13T09:24:59.301281+00:00", "level": "INFO", "logger": "monitoring_worker", "message": "worker_started", "context": {"worker_name": "monitoring-worker", "interval_seconds": 30.0}, "extra": {"taskName": null}}
{"timestamp": "2026-04-13T09:26:55.146435+00:00", "level": "INFO", "logger": "monitoring_worker", "message": "worker_started", "context": {"worker_name": "monitoring-worker", "interval_seconds": 30.0}, "extra": {"taskName": null}}
{"timestamp": "2026-04-15T11:42:27.986488+00:00", "level": "INFO", "logger": "monitoring_worker", "message": "worker_started", "context": {"worker_name": "monitoring-worker", "interval_seconds": 30.0}, "extra": {"taskName": null}}
{"timestamp": "2026-04-15T12:01:28.844142+00:00", "level": "INFO", "logger": "monitoring_worker", "message": "worker_started", "context": {"worker_name": "monitoring-worker", "interval_seconds": 30.0}, "extra": {"taskName": null}}
{"timestamp": "2026-04-15T12:06:15.168190+00:00", "level": "INFO", "logger": "monitoring_worker", "message": "worker_started", "context": {"worker_name": "monitoring-worker", "interval_seconds": 30.0}, "extra": {"taskName": null}}
{"timestamp": "2026-04-15T13:40:19.174247+00:00", "level": "INFO", "logger": "monitoring_worker", "message": "worker_started", "context": {"worker_name": "test-worker", "interval_seconds": 0.1}, "extra": {"taskName": null}}
{"timestamp": "2026-04-15T13:40:19.525166+00:00", "level": "INFO", "logger": "monitoring_worker", "message": "worker_stopped", "context": {"worker_name": "test-worker"}, "extra": {"taskName": null}}
{"timestamp": "2026-04-15T13:40:19.527515+00:00", "level": "ERROR", "logger": "monitoring_worker", "message": "worker_cycle_failed", "context": {"worker_name": "test-worker-fail", "error": "first cycle fails"}, "extra": {"taskName": null}}
{"timestamp": "2026-04-15T13:40:19.528517+00:00", "level": "INFO", "logger": "monitoring_worker", "message": "worker_started", "context": {"worker_name": "test-worker-fail", "interval_seconds": 0.1}, "extra": {"taskName": null}}
{"timestamp": "2026-04-15T13:40:19.879885+00:00", "level": "INFO", "logger": "monitoring_worker", "message": "worker_stopped", "context": {"worker_name": "test-worker-fail"}, "extra": {"taskName": null}}
{"timestamp": "2026-04-15T13:40:28.873874+00:00", "level": "INFO", "logger": "monitoring_worker", "message": "worker_started", "context": {"worker_name": "test-worker", "interval_seconds": 0.1}, "extra": {"taskName": null}}
{"timestamp": "2026-04-15T13:40:29.224913+00:00", "level": "INFO", "logger": "monitoring_worker", "message": "worker_stopped", "context": {"worker_name": "test-worker"}, "extra": {"taskName": null}}
{"timestamp": "2026-04-15T13:40:29.226924+00:00", "level": "ERROR", "logger": "monitoring_worker", "message": "worker_cycle_failed", "context": {"worker_name": "test-worker-fail", "error": "first cycle fails"}, "extra": {"taskName": null}}
{"timestamp": "2026-04-15T13:40:29.226924+00:00", "level": "INFO", "logger": "monitoring_worker", "message": "worker_started", "context": {"worker_name": "test-worker-fail", "interval_seconds": 0.1}, "extra": {"taskName": null}}
{"timestamp": "2026-04-15T13:40:29.579477+00:00", "level": "INFO", "logger": "monitoring_worker", "message": "worker_stopped", "context": {"worker_name": "test-worker-fail"}, "extra": {"taskName": null}}
