{"timestamp": "2026-04-02T05:36:55.958371+00:00", "level": "INFO", "logger": "prediction_service", "message": "model_loaded", "context": {"model_path": "models/final_model.pkl"}, "extra": {"taskName": null}}
{"timestamp": "2026-04-02T05:40:28.588837+00:00", "level": "INFO", "logger": "prediction_service", "message": "prediction_scored", "context": {"probability": 0.756453, "threshold": 0.7, "risk_level": "high", "predicted_label": 1}, "extra": {"taskName": null}}
{"timestamp": "2026-04-02T05:54:26.411242+00:00", "level": "INFO", "logger": "prediction_service", "message": "model_loaded", "context": {"model_path": "models/final_model.pkl"}, "extra": {"taskName": null}}
{"timestamp": "2026-04-02T05:54:26.463775+00:00", "level": "INFO", "logger": "prediction_service", "message": "prediction_scored", "context": {"probability": 0.756453, "threshold": 0.7, "risk_level": "high", "predicted_label": 1}, "extra": {"taskName": null}}
{"timestamp": "2026-04-08T06:45:33.700314+00:00", "level": "INFO", "logger": "prediction_service", "message": "model_loaded", "context": {"model_path": "models/final_model.pkl"}, "extra": {"taskName": null}}
{"timestamp": "2026-04-08T06:45:33.743561+00:00", "level": "INFO", "logger": "prediction_service", "message": "prediction_scored", "context": {"probability": 0.719356, "threshold": 0.7, "risk_level": "high", "predicted_label": 1}, "extra": {"taskName": null}}
{"timestamp": "2026-04-08T06:46:00.957372+00:00", "level": "INFO", "logger": "prediction_service", "message": "model_loaded", "context": {"model_path": "models/final_model.pkl"}, "extra": {"taskName": null}}
{"timestamp": "2026-04-08T06:46:54.666585+00:00", "level": "INFO", "logger": "prediction_service", "message": "model_loaded", "context": {"model_path": "models/final_model.pkl"}, "extra": {"taskName": null}}
{"timestamp": "2026-04-08T06:46:54.697052+00:00", "level": "INFO", "logger": "prediction_service", "message": "prediction_scored", "context": {"probability": 0.751838, "threshold": 0.7, "risk_level": "high", "predicted_label": 1}, "extra": {"taskName": null}}
{"timestamp": "2026-04-08T06:47:14.246288+00:00", "level": "INFO", "logger": "prediction_service", "message": "model_loaded", "context": {"model_path": "models/final_model.pkl"}, "extra": {"taskName": null}}
{"timestamp": "2026-04-08T06:49:04.545310+00:00", "level": "INFO", "logger": "prediction_service", "message": "model_loaded", "context": {"model_path": "models/final_model.pkl"}, "extra": {"taskName": null}}
{"timestamp": "2026-04-08T06:54:22.194455+00:00", "level": "INFO", "logger": "prediction_service", "message": "model_loaded", "context": {"model_path": "models/final_model.pkl"}, "extra": {"taskName": null}}
{"timestamp": "2026-04-08T06:54:22.225175+00:00", "level": "INFO", "logger": "prediction_service", "message": "prediction_scored", "context": {"probability": 0.751838, "threshold": 0.7, "risk_level": "high", "predicted_label": 1}, "extra": {"taskName": null}}
{"timestamp": "2026-04-08T06:54:30.239650+00:00", "level": "INFO", "logger": "prediction_service", "message": "prediction_scored", "context": {"probability": 0.751838, "threshold": 0.7, "risk_level": "high", "predicted_label": 1}, "extra": {"taskName": null}}
{"timestamp": "2026-04-08T14:53:24.032348+00:00", "level": "INFO", "logger": "prediction_service", "message": "model_loaded", "context": {"model_path": "models/final_model.pkl"}, "extra": {"taskName": null}}
{"timestamp": "2026-04-08T14:53:24.073775+00:00", "level": "INFO", "logger": "prediction_service", "message": "prediction_scored", "context": {"probability": 0.751838, "threshold": 0.7, "risk_level": "high", "predicted_label": 1}, "extra": {"taskName": null}}
{"timestamp": "2026-04-11T14:06:36.506638+00:00", "level": "INFO", "logger": "prediction_service", "message": "model_loaded", "context": {"model_path": "models/final_model.pkl"}, "extra": {"taskName": null}}
{"timestamp": "2026-04-12T03:22:15.031130+00:00", "level": "INFO", "logger": "prediction_service", "message": "model_loaded", "context": {"model_path": "models/final_model.pkl"}, "extra": {"taskName": null}}
{"timestamp": "2026-04-12T03:59:44.929524+00:00", "level": "INFO", "logger": "prediction_service", "message": "model_loaded", "context": {"model_path": "models/final3_model.pkl"}, "extra": {"taskName": null}}
{"timestamp": "2026-04-12T04:00:51.291989+00:00", "level": "INFO", "logger": "prediction_service", "message": "model_loaded", "context": {"model_path": "models/final_model.pkl"}, "extra": {"taskName": null}}
{"timestamp": "2026-04-12T04:01:04.809449+00:00", "level": "INFO", "logger": "prediction_service", "message": "model_loaded", "context": {"model_path": "models/final_model.pkl"}, "extra": {"taskName": null}}
{"timestamp": "2026-04-12T04:01:32.026438+00:00", "level": "INFO", "logger": "prediction_service", "message": "model_loaded", "context": {"model_path": "models/final_model.pkl"}, "extra": {"taskName": null}}
{"timestamp": "2026-04-12T04:01:47.688162+00:00", "level": "INFO", "logger": "prediction_service", "message": "model_loaded", "context": {"model_path": "models/final_model.pkl"}, "extra": {"taskName": null}}
{"timestamp": "2026-04-12T05:05:36.900048+00:00", "level": "INFO", "logger": "prediction_service", "message": "model_loaded", "context": {"model_path": "models/final_model.pkl"}, "extra": {"taskName": null}}
{"timestamp": "2026-04-12T05:06:10.998129+00:00", "level": "INFO", "logger": "prediction_service", "message": "model_loaded", "context": {"model_path": "models/final_model.pkl"}, "extra": {"taskName": null}}
{"timestamp": "2026-04-12T05:40:53.216100+00:00", "level": "INFO", "logger": "prediction_service", "message": "model_loaded", "context": {"model_path": "models/final_model.pkl"}, "extra": {"taskName": null}}
{"timestamp": "2026-04-12T06:53:12.114254+00:00", "level": "INFO", "logger": "prediction_service", "message": "model_loaded", "context": {"model_path": "models/final_model.pkl"}, "extra": {"taskName": null}}
{"timestamp": "2026-04-13T05:34:09.184558+00:00", "level": "INFO", "logger": "prediction_service", "message": "model_loaded", "context": {"model_path": "models/final_model.pkl"}, "extra": {"taskName": null}}
{"timestamp": "2026-04-13T05:36:52.326916+00:00", "level": "INFO", "logger": "prediction_service", "message": "model_loaded", "context": {"model_path": "models/final_model.pkl"}, "extra": {"taskName": null}}
{"timestamp": "2026-04-13T05:46:52.572939+00:00", "level": "INFO", "logger": "prediction_service", "message": "model_loaded", "context": {"model_path": "models/final_model.pkl"}, "extra": {"taskName": null}}
{"timestamp": "2026-04-13T05:46:57.030147+00:00", "level": "INFO", "logger": "prediction_service", "message": "model_loaded", "context": {"model_path": "models/final_model.pkl"}, "extra": {"taskName": null}}
{"timestamp": "2026-04-13T05:51:04.664737+00:00", "level": "INFO", "logger": "prediction_service", "message": "model_loaded", "context": {"model_path": "models/final_model.pkl"}, "extra": {"taskName": null}}
{"timestamp": "2026-04-13T05:51:31.373390+00:00", "level": "INFO", "logger": "prediction_service", "message": "model_loaded", "context": {"model_path": "models/final_model.pkl"}, "extra": {"taskName": null}}
{"timestamp": "2026-04-13T07:33:44.221800+00:00", "level": "INFO", "logger": "prediction_service", "message": "model_loaded", "context": {"model_path": "models/final_model.pkl"}, "extra": {"taskName": null}}
{"timestamp": "2026-04-13T09:01:39.497879+00:00", "level": "INFO", "logger": "prediction_service", "message": "model_loaded", "context": {"model_path": "models/final_model.pkl"}, "extra": {"taskName": null}}
{"timestamp": "2026-04-13T09:02:28.395899+00:00", "level": "INFO", "logger": "prediction_service", "message": "model_loaded", "context": {"model_path": "models/final_model.pkl"}, "extra": {"taskName": null}}
{"timestamp": "2026-04-13T09:03:43.250944+00:00", "level": "INFO", "logger": "prediction_service", "message": "model_loaded", "context": {"model_path": "models/final_model.pkl"}, "extra": {"taskName": null}}
{"timestamp": "2026-04-13T09:04:38.934040+00:00", "level": "INFO", "logger": "prediction_service", "message": "model_loaded", "context": {"model_path": "models/final_model.pkl"}, "extra": {"taskName": null}}
{"timestamp": "2026-04-13T09:06:54.837151+00:00", "level": "INFO", "logger": "prediction_service", "message": "model_loaded", "context": {"model_path": "models/final_model.pkl"}, "extra": {"taskName": null}}
{"timestamp": "2026-04-13T09:24:19.495380+00:00", "level": "INFO", "logger": "prediction_service", "message": "model_loaded", "context": {"model_path": "models/final_model.pkl"}, "extra": {"taskName": null}}
{"timestamp": "2026-04-13T09:24:31.197962+00:00", "level": "INFO", "logger": "prediction_service", "message": "model_loaded", "context": {"model_path": "models/final_model.pkl"}, "extra": {"taskName": null}}
{"timestamp": "2026-04-13T09:24:55.068525+00:00", "level": "INFO", "logger": "prediction_service", "message": "model_loaded", "context": {"model_path": "models/final_model.pkl"}, "extra": {"taskName": null}}
{"timestamp": "2026-04-13T09:26:50.071972+00:00", "level": "INFO", "logger": "prediction_service", "message": "model_loaded", "context": {"model_path": "models/final_model.pkl"}, "extra": {"taskName": null}}
{"timestamp": "2026-04-15T11:42:47.585798+00:00", "level": "INFO", "logger": "prediction_service", "message": "model_loaded", "context": {"model_path": "models/final_model.pkl"}, "extra": {"taskName": null}}
{"timestamp": "2026-04-15T11:42:47.608922+00:00", "level": "INFO", "logger": "prediction_service", "message": "model_loaded", "context": {"model_path": "models/final_model.pkl"}, "extra": {"taskName": null}}
{"timestamp": "2026-04-15T11:42:47.611918+00:00", "level": "INFO", "logger": "prediction_service", "message": "model_loaded", "context": {"model_path": "models/final_model.pkl"}, "extra": {"taskName": null}}
{"timestamp": "2026-04-15T11:42:47.920885+00:00", "level": "INFO", "logger": "prediction_service", "message": "model_loaded", "context": {"model_path": "models/final_model.pkl"}, "extra": {"taskName": null}}
{"timestamp": "2026-04-15T11:57:24.051305+00:00", "level": "INFO", "logger": "prediction_service", "message": "model_loaded", "context": {"model_path": "models/final_model.pkl"}, "extra": {"taskName": null}}
{"timestamp": "2026-04-15T12:01:23.457121+00:00", "level": "INFO", "logger": "prediction_service", "message": "model_loaded", "context": {"model_path": "models/final_model.pkl"}, "extra": {"taskName": null}}
{"timestamp": "2026-04-15T12:01:31.109987+00:00", "level": "INFO", "logger": "prediction_service", "message": "model_loaded", "context": {"model_path": "models/final_model.pkl"}, "extra": {"taskName": null}}
{"timestamp": "2026-04-15T12:06:11.561118+00:00", "level": "INFO", "logger": "prediction_service", "message": "model_loaded", "context": {"model_path": "models/final_model.pkl"}, "extra": {"taskName": null}}
{"timestamp": "2026-04-15T12:06:16.434805+00:00", "level": "INFO", "logger": "prediction_service", "message": "model_loaded", "context": {"model_path": "models/final_model.pkl"}, "extra": {"taskName": null}}
{"timestamp": "2026-04-15T13:40:14.698217+00:00", "level": "INFO", "logger": "prediction_service", "message": "model_loaded", "context": {"model_path": "models/final_model.pkl"}, "extra": {"taskName": null}}
{"timestamp": "2026-04-15T13:40:25.207430+00:00", "level": "INFO", "logger": "prediction_service", "message": "model_loaded", "context": {"model_path": "models/final_model.pkl"}, "extra": {"taskName": null}}
{"timestamp": "2026-04-15T13:40:33.697718+00:00", "level": "INFO", "logger": "prediction_service", "message": "model_loaded", "context": {"model_path": "models/final_model.pkl"}, "extra": {"taskName": null}}
{"timestamp": "2026-04-20T09:56:35.151136+00:00", "level": "INFO", "logger": "prediction_service", "message": "model_loaded", "context": {"model_path": "models/final_model.pkl"}, "extra": {"taskName": null}}
{"timestamp": "2026-04-20T09:57:51.147466+00:00", "level": "INFO", "logger": "prediction_service", "message": "model_loaded", "context": {"model_path": "models/final_model.pkl"}, "extra": {"taskName": null}}
{"timestamp": "2026-04-20T09:58:03.842349+00:00", "level": "INFO", "logger": "prediction_service", "message": "model_loaded", "context": {"model_path": "models/final_model.pkl"}, "extra": {"taskName": null}}
{"timestamp": "2026-04-20T10:00:11.823788+00:00", "level": "INFO", "logger": "prediction_service", "message": "model_loaded", "context": {"model_path": "models/final_model.pkl"}, "extra": {"taskName": null}}
{"timestamp": "2026-04-20T10:01:13.642442+00:00", "level": "INFO", "logger": "prediction_service", "message": "model_loaded", "context": {"model_path": "models/final_model.pkl"}, "extra": {"taskName": null}}
{"timestamp": "2026-04-20T10:10:46.185624+00:00", "level": "INFO", "logger": "prediction_service", "message": "model_loaded", "context": {"model_path": "models/final_model.pkl"}, "extra": {"taskName": null}}
{"timestamp": "2026-04-21T05:59:36.664083+00:00", "level": "INFO", "logger": "prediction_service", "message": "prediction_scored", "context": {"probability": 0.10056, "threshold": 0.7, "risk_level": "low", "predicted_label": 0}, "extra": {"taskName": null}}
{"timestamp": "2026-04-21T05:59:55.443366+00:00", "level": "INFO", "logger": "prediction_service", "message": "prediction_scored", "context": {"probability": 0.10056, "threshold": 0.7, "risk_level": "low", "predicted_label": 0}, "extra": {"taskName": null}}
{"timestamp": "2026-04-21T06:00:03.118514+00:00", "level": "INFO", "logger": "prediction_service", "message": "prediction_scored", "context": {"probability": 0.10056, "threshold": 0.7, "risk_level": "low", "predicted_label": 0}, "extra": {"taskName": null}}
{"timestamp": "2026-04-21T06:00:10.449291+00:00", "level": "INFO", "logger": "prediction_service", "message": "prediction_scored", "context": {"probability": 0.10056, "threshold": 0.7, "risk_level": "low", "predicted_label": 0}, "extra": {"taskName": null}}
{"timestamp": "2026-04-21T06:00:17.521837+00:00", "level": "INFO", "logger": "prediction_service", "message": "prediction_scored", "context": {"probability": 0.10056, "threshold": 0.7, "risk_level": "low", "predicted_label": 0}, "extra": {"taskName": null}}
{"timestamp": "2026-04-21T06:00:33.779442+00:00", "level": "INFO", "logger": "prediction_service", "message": "prediction_scored", "context": {"probability": 0.10056, "threshold": 0.7, "risk_level": "low", "predicted_label": 0}, "extra": {"taskName": null}}
{"timestamp": "2026-04-24T02:10:01.975262+00:00", "level": "INFO", "logger": "prediction_service", "message": "model_loaded", "context": {"model_path": "models/final_model.pkl"}, "extra": {"taskName": null}}
{"timestamp": "2026-04-24T02:10:11.046678+00:00", "level": "INFO", "logger": "prediction_service", "message": "model_loaded", "context": {"model_path": "models/final_model.pkl"}, "extra": {"taskName": null}}
{"timestamp": "2026-04-26T05:56:02.684405+00:00", "level": "INFO", "logger": "prediction_service", "message": "model_loaded", "context": {"model_path": "models/final_model.pkl"}, "extra": {"taskName": null}}
{"timestamp": "2026-04-26T06:00:29.564324+00:00", "level": "INFO", "logger": "prediction_service", "message": "prediction_scored", "context": {"probability": 0.001839, "threshold": 0.5, "risk_level": "low", "predicted_label": 0}, "extra": {"taskName": null}}
{"timestamp": "2026-04-26T06:35:34.683430+00:00", "level": "INFO", "logger": "prediction_service", "message": "prediction_scored", "context": {"probability": 0.141249, "threshold": 0.5, "risk_level": "low", "predicted_label": 0}, "extra": {"taskName": null}}
{"timestamp": "2026-04-26T06:36:07.840726+00:00", "level": "INFO", "logger": "prediction_service", "message": "prediction_scored", "context": {"probability": 0.009812, "threshold": 0.5, "risk_level": "low", "predicted_label": 0}, "extra": {"taskName": null}}
{"timestamp": "2026-04-26T06:36:28.111867+00:00", "level": "INFO", "logger": "prediction_service", "message": "prediction_scored", "context": {"probability": 0.000101, "threshold": 0.5, "risk_level": "low", "predicted_label": 0}, "extra": {"taskName": null}}
{"timestamp": "2026-04-26T06:46:15.932648+00:00", "level": "INFO", "logger": "prediction_service", "message": "prediction_scored", "context": {"probability": 0.141249, "threshold": 0.5, "risk_level": "low", "predicted_label": 0}, "extra": {"taskName": null}}
{"timestamp": "2026-04-26T06:49:37.889421+00:00", "level": "INFO", "logger": "prediction_service", "message": "prediction_scored", "context": {"probability": 0.141249, "threshold": 0.5, "risk_level": "low", "predicted_label": 0}, "extra": {"taskName": null}}
{"timestamp": "2026-04-28T08:27:43.573519+00:00", "level": "INFO", "logger": "prediction_service", "message": "model_loaded", "context": {"model_path": "models/final_model.pkl"}, "extra": {"taskName": null}}
{"timestamp": "2026-04-28T08:28:10.099286+00:00", "level": "INFO", "logger": "prediction_service", "message": "model_loaded", "context": {"model_path": "models/final_model.pkl"}, "extra": {"taskName": null}}
{"timestamp": "2026-04-28T08:28:22.523896+00:00", "level": "INFO", "logger": "prediction_service", "message": "prediction_scored", "context": {"probability": 0.0, "threshold": 0.5, "risk_level": "low", "predicted_label": 0}, "extra": {"taskName": null}}
{"timestamp": "2026-04-28T08:28:31.058921+00:00", "level": "INFO", "logger": "prediction_service", "message": "prediction_scored", "context": {"probability": 0.0, "threshold": 0.5, "risk_level": "low", "predicted_label": 0}, "extra": {"taskName": null}}
{"timestamp": "2026-04-28T08:30:31.741262+00:00", "level": "INFO", "logger": "prediction_service", "message": "prediction_scored", "context": {"probability": 0.0, "threshold": 0.5, "risk_level": "low", "predicted_label": 0}, "extra": {"taskName": null}}
{"timestamp": "2026-04-28T08:33:28.126858+00:00", "level": "INFO", "logger": "prediction_service", "message": "prediction_scored", "context": {"probability": 0.999968, "threshold": 0.5, "risk_level": "high", "predicted_label": 1}, "extra": {"taskName": null}}
{"timestamp": "2026-04-28T08:33:39.006516+00:00", "level": "INFO", "logger": "prediction_service", "message": "prediction_scored", "context": {"probability": 0.019835, "threshold": 0.5, "risk_level": "low", "predicted_label": 0}, "extra": {"taskName": null}}
{"timestamp": "2026-04-28T08:33:45.187910+00:00", "level": "INFO", "logger": "prediction_service", "message": "prediction_scored", "context": {"probability": 0.0, "threshold": 0.5, "risk_level": "low", "predicted_label": 0}, "extra": {"taskName": null}}
{"timestamp": "2026-04-28T08:33:45.198923+00:00", "level": "INFO", "logger": "prediction_service", "message": "prediction_scored", "context": {"probability": 0.999968, "threshold": 0.5, "risk_level": "high", "predicted_label": 1}, "extra": {"taskName": null}}
{"timestamp": "2026-04-28T08:33:45.199924+00:00", "level": "INFO", "logger": "prediction_service", "message": "batch_prediction_completed", "context": {"total_records": 2, "successful_predictions": 2, "failed_predictions": 0}, "extra": {"taskName": null}}
{"timestamp": "2026-04-28T08:34:39.664202+00:00", "level": "INFO", "logger": "prediction_service", "message": "prediction_scored", "context": {"probability": 0.000171, "threshold": 0.5, "risk_level": "low", "predicted_label": 0}, "extra": {"taskName": null}}
{"timestamp": "2026-04-28T08:43:54.653778+00:00", "level": "INFO", "logger": "prediction_service", "message": "prediction_scored", "context": {"probability": 0.000133, "threshold": 0.5, "risk_level": "low", "predicted_label": 0}, "extra": {"taskName": null}}
{"timestamp": "2026-04-28T09:57:26.415997+00:00", "level": "INFO", "logger": "prediction_service", "message": "prediction_scored", "context": {"probability": 0.035329, "threshold": 0.5, "risk_level": "low", "predicted_label": 0}, "extra": {"taskName": null}}
{"timestamp": "2026-04-28T16:09:07.232012+00:00", "level": "INFO", "logger": "prediction_service", "message": "model_loaded", "context": {"model_path": "models/final_model.pkl"}, "extra": {"taskName": null}}
{"timestamp": "2026-04-28T16:10:29.329015+00:00", "level": "INFO", "logger": "prediction_service", "message": "model_loaded", "context": {"model_path": "models/final_model.pkl"}, "extra": {"taskName": null}}
{"timestamp": "2026-04-28T16:11:09.851037+00:00", "level": "INFO", "logger": "prediction_service", "message": "prediction_scored", "context": {"probability": 0.001329, "threshold": 0.5, "risk_level": "low", "predicted_label": 0}, "extra": {"taskName": null}}
{"timestamp": "2026-04-29T01:06:49.335371+00:00", "level": "INFO", "logger": "prediction_service", "message": "model_loaded", "context": {"model_path": "models/final_model.pkl"}, "extra": {"taskName": null}}
{"timestamp": "2026-04-29T01:12:41.061033+00:00", "level": "INFO", "logger": "prediction_service", "message": "prediction_scored", "context": {"probability": 0.007179, "threshold": 0.5, "risk_level": "low", "predicted_label": 0}, "extra": {"taskName": null}}
{"timestamp": "2026-04-30T06:39:29.827730+00:00", "level": "INFO", "logger": "prediction_service", "message": "model_loaded", "context": {"model_path": "models/final_model.pkl"}, "extra": {"taskName": null}}
{"timestamp": "2026-04-30T06:39:29.828730+00:00", "level": "INFO", "logger": "prediction_service", "message": "model_loaded", "context": {"model_path": "models/final_model.pkl"}, "extra": {"taskName": null}}
{"timestamp": "2026-04-30T09:21:14.628547+00:00", "level": "INFO", "logger": "prediction_service", "message": "model_loaded", "context": {"model_path": "models/final_model.pkl"}, "extra": {"taskName": null}}
{"timestamp": "2026-04-30T09:22:56.177875+00:00", "level": "INFO", "logger": "prediction_service", "message": "prediction_scored", "context": {"probability": 0.003878, "threshold": 0.5, "risk_level": "low", "predicted_label": 0}, "extra": {"taskName": null}}
{"timestamp": "2026-04-30T09:23:32.171973+00:00", "level": "INFO", "logger": "prediction_service", "message": "prediction_scored", "context": {"probability": 0.000492, "threshold": 0.5, "risk_level": "low", "predicted_label": 0}, "extra": {"taskName": null}}
{"timestamp": "2026-04-30T09:25:36.378982+00:00", "level": "INFO", "logger": "prediction_service", "message": "prediction_scored", "context": {"probability": 0.000492, "threshold": 0.5, "risk_level": "low", "predicted_label": 0}, "extra": {"taskName": null}}
{"timestamp": "2026-04-30T09:56:56.402271+00:00", "level": "INFO", "logger": "prediction_service", "message": "model_loaded", "context": {"model_path": "models/final_model.pkl"}, "extra": {"taskName": null}}
{"timestamp": "2026-04-30T09:58:22.787160+00:00", "level": "INFO", "logger": "prediction_service", "message": "prediction_scored", "context": {"probability": 6.3e-05, "threshold": 0.5, "risk_level": "low", "predicted_label": 0}, "extra": {"taskName": null}}
{"timestamp": "2026-04-30T10:27:28.272998+00:00", "level": "INFO", "logger": "prediction_service", "message": "model_loaded", "context": {"model_path": "models/final_model.pkl"}, "extra": {"taskName": null}}
{"timestamp": "2026-04-30T10:32:37.758621+00:00", "level": "INFO", "logger": "prediction_service", "message": "model_loaded", "context": {"model_path": "models/final_model.pkl"}, "extra": {"taskName": null}}
{"timestamp": "2026-04-30T10:35:14.792913+00:00", "level": "INFO", "logger": "prediction_service", "message": "prediction_scored", "context": {"probability": 0.01058, "threshold": 0.5, "risk_level": "low", "predicted_label": 0}, "extra": {"taskName": null}}
{"timestamp": "2026-05-01T02:12:08.763702+00:00", "level": "INFO", "logger": "prediction_service", "message": "model_loaded", "context": {"model_path": "models/final_model.pkl"}, "extra": {"taskName": null}}
{"timestamp": "2026-05-01T02:12:14.152804+00:00", "level": "INFO", "logger": "prediction_service", "message": "model_loaded", "context": {"model_path": "models/final_model.pkl"}, "extra": {"taskName": null}}
{"timestamp": "2026-05-01T02:20:59.950185+00:00", "level": "INFO", "logger": "prediction_service", "message": "prediction_scored", "context": {"probability": 2.7e-05, "threshold": 0.5, "risk_level": "low", "predicted_label": 0}, "extra": {"taskName": null}}
{"timestamp": "2026-05-01T02:31:34.168838+00:00", "level": "INFO", "logger": "prediction_service", "message": "prediction_scored", "context": {"probability": 0.999316, "threshold": 0.5, "risk_level": "high", "predicted_label": 1}, "extra": {"taskName": null}}
{"timestamp": "2026-05-01T02:43:48.065958+00:00", "level": "INFO", "logger": "prediction_service", "message": "prediction_scored", "context": {"probability": 0.001124, "threshold": 0.5, "risk_level": "low", "predicted_label": 0}, "extra": {"taskName": null}}
{"timestamp": "2026-05-01T02:43:57.050594+00:00", "level": "INFO", "logger": "prediction_service", "message": "prediction_scored", "context": {"probability": 0.001124, "threshold": 0.5, "risk_level": "low", "predicted_label": 0}, "extra": {"taskName": null}}
{"timestamp": "2026-05-01T02:46:51.249081+00:00", "level": "INFO", "logger": "prediction_service", "message": "prediction_scored", "context": {"probability": 0.0, "threshold": 0.5, "risk_level": "low", "predicted_label": 0}, "extra": {"taskName": null}}
{"timestamp": "2026-05-01T02:46:51.291092+00:00", "level": "INFO", "logger": "prediction_service", "message": "prediction_scored", "context": {"probability": 0.001124, "threshold": 0.5, "risk_level": "low", "predicted_label": 0}, "extra": {"taskName": null}}
{"timestamp": "2026-05-01T02:46:51.343607+00:00", "level": "INFO", "logger": "prediction_service", "message": "prediction_scored", "context": {"probability": 0.999316, "threshold": 0.5, "risk_level": "high", "predicted_label": 1}, "extra": {"taskName": null}}
{"timestamp": "2026-05-01T02:55:50.004878+00:00", "level": "INFO", "logger": "prediction_service", "message": "prediction_scored", "context": {"probability": 0.0, "threshold": 0.5, "risk_level": "low", "predicted_label": 0}, "extra": {"taskName": null}}
{"timestamp": "2026-05-01T02:55:50.041747+00:00", "level": "INFO", "logger": "prediction_service", "message": "prediction_scored", "context": {"probability": 0.001124, "threshold": 0.5, "risk_level": "low", "predicted_label": 0}, "extra": {"taskName": null}}
{"timestamp": "2026-05-01T02:55:50.101272+00:00", "level": "INFO", "logger": "prediction_service", "message": "prediction_scored", "context": {"probability": 0.999316, "threshold": 0.5, "risk_level": "high", "predicted_label": 1}, "extra": {"taskName": null}}
{"timestamp": "2026-05-01T02:55:53.314025+00:00", "level": "INFO", "logger": "prediction_service", "message": "prediction_scored", "context": {"probability": 0.0, "threshold": 0.5, "risk_level": "low", "predicted_label": 0}, "extra": {"taskName": null}}
{"timestamp": "2026-05-01T02:55:54.974158+00:00", "level": "INFO", "logger": "prediction_service", "message": "prediction_scored", "context": {"probability": 0.001124, "threshold": 0.5, "risk_level": "low", "predicted_label": 0}, "extra": {"taskName": null}}
{"timestamp": "2026-05-01T02:56:06.949636+00:00", "level": "INFO", "logger": "prediction_service", "message": "prediction_scored", "context": {"probability": 2e-05, "threshold": 0.5, "risk_level": "low", "predicted_label": 0}, "extra": {"taskName": null}}
{"timestamp": "2026-05-01T02:56:23.756802+00:00", "level": "INFO", "logger": "prediction_service", "message": "prediction_scored", "context": {"probability": 1.7e-05, "threshold": 0.5, "risk_level": "low", "predicted_label": 0}, "extra": {"taskName": null}}
{"timestamp": "2026-05-01T03:17:30.975534+00:00", "level": "INFO", "logger": "prediction_service", "message": "prediction_scored", "context": {"probability": 0.003878, "threshold": 0.5, "risk_level": "low", "predicted_label": 0}, "extra": {"taskName": null}}
